This is pdfTeX, Version 3.14159265-2.6-1.40.21 (TeX Live 2020) (preloaded format=pdflatex 2020.10.6)  7 FEB 2022 17:04
entering extended mode
 restricted \write18 enabled.
 file:line:error style messages enabled.
 %&-line parsing enabled.
**diff.tex
(./diff.tex
LaTeX2e <2020-02-02> patch level 5
L3 programming layer <2020-03-06>
(/usr/local/texlive/2020/texmf-dist/tex/latex/revtex4/revtex4.cls
Document Class: revtex4 2001/08/02 v4.0 (http://publish.aps.org/revtex4/ for do
cumentation)
 Copyright (c) 2001 The American Physical Society.
 mailto:revtex@aps.org
 Licensed under the LPPL:
http://www.ctan.org/tex-archive/macros/latex/base/lppl.txt
 Arthur Ogawa <ogawa@teleport.com>
 Based on work by David Carlisle <david@dcarlisle.demon.co.uk>.
ltxutil: portions licensed from W. E. Baxter (web@superscript.com)
Class revtex4 Info: Repairing broken LateX \@sect on input line 596.
\intertabularlinepenalty=\count167
\@tbpen=\count168
\@arstrutbox@hline=\box45
Class revtex4 Info: Repairing broken LaTeX \@xbitor on input line 1610.
ltxgrid: portions licensed from W. E. Baxter (web@superscript.com)
\c@linecount=\count169
\output=\toks15
\@protection@box=\box46
\@topmark@saved=\toks16
\footins@saved=\box47
\pagesofar=\box48
\footbox=\box49
\pagegrid@col=\count170
Class revtex4 Info: Incorporating package {textcase}  [1998/11/12 v0.06 Text on
ly upper/lower case changing (DPC)]. on input line 3682.
(/usr/local/texlive/2020/texmf-dist/tex/latex/base/fleqn.clo
File: fleqn.clo 2016/12/29 v1.2b Standard LaTeX option (flush left equations)
\mathindent=\dimen134
Applying: [2015/01/01] Make \[ robust on input line 50.
LaTeX Info: Redefining \[ on input line 51.
Already applied: [0000/00/00] Make \[ robust on input line 62.
Applying: [2015/01/01] Make \] robust on input line 74.
LaTeX Info: Redefining \] on input line 75.
Already applied: [0000/00/00] Make \] robust on input line 83.
)
(/usr/local/texlive/2020/texmf-dist/tex/latex/url/url.sty
\Urlmuskip=\muskip16
Package: url 2013/09/16  ver 3.4  Verb mode for urls, etc.
)
\c@affil=\count171
\absbox=\box50
\c@part=\count172
\c@section=\count173
\c@subsection=\count174
\c@subsubsection=\count175
\c@paragraph=\count176
\c@subparagraph=\count177
\abovecaptionskip=\skip47
\belowcaptionskip=\skip48
\c@figure=\count178
\c@table=\count179

(/usr/local/texlive/2020/texmf-dist/tex/latex/natbib/natbib.sty
Package: natbib 2010/09/13 8.31b (PWD, AO)
\bibhang=\skip49
\bibsep=\skip50
LaTeX Info: Redefining \cite on input line 694.
\c@NAT@ctr=\count180
)
\widetext@top=\box51
\widetext@bot=\box52

(/usr/local/texlive/2020/texmf-dist/tex/latex/revtex4/revsymb.sty
Package: revsymb 2001/08/02 v4.0 (http://publish.aps.org/revtex4/ for documenta
tion)
LaTeX Info: Redefining \REV@mathfrak on input line 118.
)) (./jkps.rtx
File: jkps.rtx 2001/11/08 KPSTeX v2.0beta3 substyle file (KPS)
(/usr/local/texlive/2020/texmf-dist/tex/latex/revtex4/aps.rtx
File: aps.rtx 2001/08/02 v4.0 (http://publish.aps.org/revtex4/ for documentatio
n)
)

Class revtex4 Warning: Footnotes in bibliography are incompatible with KPS.
Undoing the footinbib option. .

\c@auth@kps=\count181
) (/usr/local/texlive/2020/texmf-dist/tex/latex/revtex4/12pt.rtx
File: 12pt.rtx 2001/08/02 v4.0 (http://publish.aps.org/revtex4/ for documentati
on)
)
(/usr/local/texlive/2020/texmf-dist/tex/latex/graphics/graphicx.sty
Package: graphicx 2019/11/30 v1.2a Enhanced LaTeX Graphics (DPC,SPQR)

(/usr/local/texlive/2020/texmf-dist/tex/latex/graphics/keyval.sty
Package: keyval 2014/10/28 v1.15 key=value parser (DPC)
\KV@toks@=\toks17
)
(/usr/local/texlive/2020/texmf-dist/tex/latex/graphics/graphics.sty
Package: graphics 2019/11/30 v1.4a Standard LaTeX Graphics (DPC,SPQR)

(/usr/local/texlive/2020/texmf-dist/tex/latex/graphics/trig.sty
Package: trig 2016/01/03 v1.10 sin cos tan (DPC)
)
(/usr/local/texlive/2020/texmf-dist/tex/latex/graphics-cfg/graphics.cfg
File: graphics.cfg 2016/06/04 v1.11 sample graphics configuration
)
Package graphics Info: Driver file: pdftex.def on input line 105.

(/usr/local/texlive/2020/texmf-dist/tex/latex/graphics-def/pdftex.def
File: pdftex.def 2018/01/08 v1.0l Graphics/color driver for pdftex
))
\Gin@req@height=\dimen135
\Gin@req@width=\dimen136
)
(/usr/local/texlive/2020/texmf-dist/tex/latex/amsfonts/amssymb.sty
Package: amssymb 2013/01/14 v3.01 AMS font symbols

(/usr/local/texlive/2020/texmf-dist/tex/latex/amsfonts/amsfonts.sty
Package: amsfonts 2013/01/14 v3.01 Basic AMSFonts support
\@emptytoks=\toks18
\symAMSa=\mathgroup4
\symAMSb=\mathgroup5
LaTeX Font Info:    Redeclaring math symbol \hbar on input line 98.
LaTeX Font Info:    Overwriting math alphabet `\mathfrak' in version `bold'
(Font)                  U/euf/m/n --> U/euf/b/n on input line 106.
LaTeX Info: Redefining \frak on input line 111.
LaTeX Info: Redefining \Bbb on input line 113.
))
(/usr/local/texlive/2020/texmf-dist/tex/latex/amsmath/amsmath.sty
Package: amsmath 2020/01/20 v2.17e AMS math features
\@mathmargin=\skip51

For additional information on amsmath, use the `?' option.
(/usr/local/texlive/2020/texmf-dist/tex/latex/amsmath/amstext.sty
Package: amstext 2000/06/29 v2.01 AMS text

(/usr/local/texlive/2020/texmf-dist/tex/latex/amsmath/amsgen.sty
File: amsgen.sty 1999/11/30 v2.0 generic functions
\@emptytoks=\toks19
\ex@=\dimen137
))
(/usr/local/texlive/2020/texmf-dist/tex/latex/amsmath/amsbsy.sty
Package: amsbsy 1999/11/29 v1.2d Bold Symbols
\pmbraise@=\dimen138
)
(/usr/local/texlive/2020/texmf-dist/tex/latex/amsmath/amsopn.sty
Package: amsopn 2016/03/08 v2.02 operator names
)
\inf@bad=\count182
LaTeX Info: Redefining \frac on input line 227.
\uproot@=\count183
\leftroot@=\count184
LaTeX Info: Redefining \overline on input line 389.
\classnum@=\count185
\DOTSCASE@=\count186
LaTeX Info: Redefining \ldots on input line 486.
LaTeX Info: Redefining \dots on input line 489.
LaTeX Info: Redefining \cdots on input line 610.
\Mathstrutbox@=\box53
\strutbox@=\box54
\big@size=\dimen139
LaTeX Font Info:    Redeclaring font encoding OML on input line 733.
LaTeX Font Info:    Redeclaring font encoding OMS on input line 734.
\macc@depth=\count187
\c@MaxMatrixCols=\count188
\dotsspace@=\muskip17
\c@parentequation=\count189
\dspbrk@lvl=\count190
\tag@help=\toks20
\row@=\count191
\column@=\count192
\maxfields@=\count193
\andhelp@=\toks21
\eqnshift@=\dimen140
\alignsep@=\dimen141
\tagshift@=\dimen142
\tagwidth@=\dimen143
\totwidth@=\dimen144
\lineht@=\dimen145
\@envbody=\toks22
\multlinegap=\skip52
\multlinetaggap=\skip53
\mathdisplay@stack=\toks23
LaTeX Info: Redefining \[ on input line 2859.
LaTeX Info: Redefining \] on input line 2860.
)
(/usr/local/texlive/2020/texmf-dist/tex/latex/tools/bm.sty
Package: bm 2019/07/24 v1.2d Bold Symbol Support (DPC/FMi)
\symboldoperators=\mathgroup6
\symboldletters=\mathgroup7
\symboldsymbols=\mathgroup8
LaTeX Font Info:    Redeclaring math alphabet \mathbf on input line 141.
LaTeX Info: Redefining \bm on input line 209.
)
(/usr/local/texlive/2020/texmf-dist/tex/latex/lineno/lineno.sty
Package: lineno 2005/11/02 line numbers on paragraphs v4.41
\linenopenalty=\count194
\output=\toks24
\linenoprevgraf=\count195
\linenumbersep=\dimen146
\linenumberwidth=\dimen147
\c@linenumber=\count196
\c@pagewiselinenumber=\count197
\c@LN@truepage=\count198
\c@internallinenumber=\count199
\c@internallinenumbers=\count266
\quotelinenumbersep=\dimen148
\bframerule=\dimen149
\bframesep=\dimen150
\bframebox=\box55
LaTeX Info: Redefining \\ on input line 3056.
)
(/usr/local/texlive/2020/texmf-dist/tex/latex/tools/xspace.sty
Package: xspace 2014/10/28 v1.13 Space after command names (DPC,MH)
)
(/usr/local/texlive/2020/texmf-dist/tex/latex/cleveref/cleveref.sty
Package: cleveref 2018/03/27 v0.21.4 Intelligent cross-referencing
)
(/usr/local/texlive/2020/texmf-dist/tex/latex/stackengine/stackengine.sty
Package: stackengine 2017/02/13 v4.01\ Stacking text and objects in convenient 
ways

(/usr/local/texlive/2020/texmf-dist/tex/latex/etoolbox/etoolbox.sty
Package: etoolbox 2019/09/21 v2.5h e-TeX tools for LaTeX (JAW)
\etb@tempcnta=\count267
)
(/usr/local/texlive/2020/texmf-dist/tex/generic/listofitems/listofitems.sty
(/usr/local/texlive/2020/texmf-dist/tex/generic/listofitems/listofitems.tex
\loi_cnt_foreach_nest=\count268
\loi_nestcnt=\count269
)
Package: listofitems 2019/08/21 v1.63 Grab items in lists using user-specified 
sep char (CT)
)
(/usr/local/texlive/2020/texmf-dist/tex/latex/tools/calc.sty
Package: calc 2017/05/25 v4.3 Infix arithmetic (KKT,FJ)
\calc@Acount=\count270
\calc@Bcount=\count271
\calc@Adimen=\dimen151
\calc@Bdimen=\dimen152
\calc@Askip=\skip54
\calc@Bskip=\skip55
LaTeX Info: Redefining \setlength on input line 80.
LaTeX Info: Redefining \addtolength on input line 81.
\calc@Ccount=\count272
\calc@Cskip=\skip56
)
\c@@stackindex=\count273
\@boxshift=\skip57
\stack@tmplength=\skip58
\temp@stkl=\skip59
\@stackedboxwidth=\skip60
\@addedbox=\box56
\@anchorbox=\box57
\stackedbox=\box58
\@centerbox=\box59
\c@ROWcellindex@=\count274
)
(/usr/local/texlive/2020/texmf-dist/tex/latex/xcolor/xcolor.sty
Package: xcolor 2016/05/11 v2.12 LaTeX color extensions (UK)

(/usr/local/texlive/2020/texmf-dist/tex/latex/graphics-cfg/color.cfg
File: color.cfg 2016/01/02 v1.6 sample color configuration
)
Package xcolor Info: Driver file: pdftex.def on input line 225.
Package xcolor Info: Model `cmy' substituted by `cmy0' on input line 1348.
Package xcolor Info: Model `hsb' substituted by `rgb' on input line 1352.
Package xcolor Info: Model `RGB' extended on input line 1364.
Package xcolor Info: Model `HTML' substituted by `rgb' on input line 1366.
Package xcolor Info: Model `Hsb' substituted by `hsb' on input line 1367.
Package xcolor Info: Model `tHsb' substituted by `hsb' on input line 1368.
Package xcolor Info: Model `HSB' substituted by `hsb' on input line 1369.
Package xcolor Info: Model `Gray' substituted by `gray' on input line 1370.
Package xcolor Info: Model `wave' substituted by `hsb' on input line 1371.
)
(/usr/local/texlive/2020/texmf-dist/tex/generic/ulem/ulem.sty
\UL@box=\box60
\UL@hyphenbox=\box61
\UL@skip=\skip61
\UL@hook=\toks25
\UL@height=\dimen153
\UL@pe=\count275
\UL@pixel=\dimen154
\ULC@box=\box62
Package: ulem 2019/11/18
\ULdepth=\dimen155
)
(/usr/local/texlive/2020/texmf-dist/tex/latex/oberdiek/settobox.sty
Package: settobox 2016/05/16 v1.5 Assign box dimensions to length registers (HO
)
)
(/usr/local/texlive/2020/texmf-dist/tex/latex/letltxmacro/letltxmacro.sty
Package: letltxmacro 2019/12/03 v1.6 Let assignment for LaTeX macros (HO)
)
\DIFdelgraphicsbox=\box63
\DIFdelgraphicswidth=\skip62
\DIFdelgraphicsheight=\skip63
LaTeX Info: Redefining \DIFaddbegin on input line 68.
LaTeX Info: Redefining \DIFaddend on input line 69.
LaTeX Info: Redefining \DIFdelbegin on input line 70.
LaTeX Info: Redefining \DIFdelend on input line 71.
LaTeX Info: Redefining \DIFaddbeginFL on input line 76.
LaTeX Info: Redefining \DIFaddendFL on input line 77.
LaTeX Info: Redefining \DIFdelbeginFL on input line 78.
LaTeX Info: Redefining \DIFdelendFL on input line 79.

(/usr/local/texlive/2020/texmf-dist/tex/latex/listings/listings.sty
\lst@mode=\count276
\lst@gtempboxa=\box64
\lst@token=\toks26
\lst@length=\count277
\lst@currlwidth=\dimen156
\lst@column=\count278
\lst@pos=\count279
\lst@lostspace=\dimen157
\lst@width=\dimen158
\lst@newlines=\count280
\lst@lineno=\count281
\lst@maxwidth=\dimen159

(/usr/local/texlive/2020/texmf-dist/tex/latex/listings/lstmisc.sty
File: lstmisc.sty 2020/03/24 1.8d (Carsten Heinz)
\c@lstnumber=\count282
\lst@skipnumbers=\count283
\lst@framebox=\box65
)
(/usr/local/texlive/2020/texmf-dist/tex/latex/listings/listings.cfg
File: listings.cfg 2020/03/24 1.8d listings configuration
))
Package: listings 2020/03/24 1.8d (Carsten Heinz)

(/usr/local/texlive/2020/texmf-dist/tex/latex/l3backend/l3backend-pdfmode.def
File: l3backend-pdfmode.def 2020-03-12 L3 backend support: PDF mode
\l__kernel_color_stack_int=\count284
\l__pdf_internal_box=\box66
)
(./diff.aux)
\openout1 = `diff.aux'.

LaTeX Font Info:    Checking defaults for OML/cmm/m/it on input line 98.
LaTeX Font Info:    ... okay on input line 98.
LaTeX Font Info:    Checking defaults for OMS/cmsy/m/n on input line 98.
LaTeX Font Info:    ... okay on input line 98.
LaTeX Font Info:    Checking defaults for OT1/cmr/m/n on input line 98.
LaTeX Font Info:    ... okay on input line 98.
LaTeX Font Info:    Checking defaults for T1/cmr/m/n on input line 98.
LaTeX Font Info:    ... okay on input line 98.
LaTeX Font Info:    Checking defaults for TS1/cmr/m/n on input line 98.
LaTeX Font Info:    ... okay on input line 98.
LaTeX Font Info:    Checking defaults for OMX/cmex/m/n on input line 98.
LaTeX Font Info:    ... okay on input line 98.
LaTeX Font Info:    Checking defaults for U/cmr/m/n on input line 98.
LaTeX Font Info:    ... okay on input line 98.
Class revtex4 Info: Unrecognized LaTeX tabular. Please update this document cla
ss! (Proceeding with fingers crossed.) on input line 98.
Class revtex4 Info: cite was not loaded (OK!) on input line 98.
Class revtex4 Info: multicol was not loaded (OK!) on input line 98.

(/usr/local/texlive/2020/texmf-dist/tex/context/base/mkii/supp-pdf.mkii
[Loading MPS to PDF converter (version 2006.09.02).]
\scratchcounter=\count285
\scratchdimen=\dimen160
\scratchbox=\box67
\nofMPsegments=\count286
\nofMParguments=\count287
\everyMPshowfont=\toks27
\MPscratchCnt=\count288
\MPscratchDim=\dimen161
\MPnumerator=\count289
\makeMPintoPDFobject=\count290
\everyMPtoPDFconversion=\toks28
) (/usr/local/texlive/2020/texmf-dist/tex/latex/epstopdf-pkg/epstopdf-base.sty
Package: epstopdf-base 2020-01-24 v2.11 Base part for package epstopdf
Package epstopdf-base Info: Redefining graphics rule for `.eps' on input line 4
85.

(/usr/local/texlive/2020/texmf-dist/tex/latex/latexconfig/epstopdf-sys.cfg
File: epstopdf-sys.cfg 2010/07/13 v1.3 Configuration of (r)epstopdf for TeX Liv
e
))
\c@lstlisting=\count291
LaTeX Font Info:    Trying to load font information for U+msa on input line 116
.

(/usr/local/texlive/2020/texmf-dist/tex/latex/amsfonts/umsa.fd
File: umsa.fd 2013/01/14 v3.01 AMS symbols A
)
LaTeX Font Info:    Trying to load font information for U+msb on input line 116
.

(/usr/local/texlive/2020/texmf-dist/tex/latex/amsfonts/umsb.fd
File: umsb.fd 2013/01/14 v3.01 AMS symbols B
) [0{/usr/local/texlive/2020/texmf-var/fonts/map/pdftex/updmap/pdftex.map}] [1]
 [2]
Underfull \hbox (badness 10000) in paragraph at lines 158--158
[][]|   []   |   [][][]|   []   |   []
 []

<figures/FullLayer_3.jpeg, id=27, 1806.75pt x 1204.5pt>
File: figures/FullLayer_3.jpeg Graphic file (type jpg)
<use figures/FullLayer_3.jpeg>
Package pdftex.def Info: figures/FullLayer_3.jpeg  used on input line 164.
(pdftex.def)             Requested size: 280.80286pt x 187.1918pt.
<figures/SingleEventXZHit.pdf, id=28, 569.12625pt x 387.4475pt>
File: figures/SingleEventXZHit.pdf Graphic file (type pdf)
<use figures/SingleEventXZHit.pdf>
Package pdftex.def Info: figures/SingleEventXZHit.pdf  used on input line 174.
(pdftex.def)             Requested size: 224.638pt x 152.93071pt.
<figures/SingleEventYZHit.pdf, id=29, 569.12625pt x 387.4475pt>
File: figures/SingleEventYZHit.pdf Graphic file (type pdf)
<use figures/SingleEventYZHit.pdf>
Package pdftex.def Info: figures/SingleEventYZHit.pdf  used on input line 175.
(pdftex.def)             Requested size: 224.638pt x 152.93071pt.
[3] [4 <./figures/FullLayer_3.jpeg> <./figures/SingleEventXZHit.pdf, page is ro
tated 90 degrees> <./figures/SingleEventYZHit.pdf, page is rotated 90 degrees>]

Underfull \hbox (badness 3623) in paragraph at lines 195--195
[][]|   []   |   [][][]|   []   |   []   |   []
 []

[5]
<figures/GG_fit.jpg, id=125, 993.7125pt x 725.71124pt>
File: figures/GG_fit.jpg Graphic file (type jpg)
<use figures/GG_fit.jpg>
Package pdftex.def Info: figures/GG_fit.jpg  used on input line 205.
(pdftex.def)             Requested size: 327.59857pt x 239.24184pt.
 [6 <./figures/GG_fit.jpg>]
<figures/optimization_plot.pdf, id=131, 569.12625pt x 387.4475pt>
File: figures/optimization_plot.pdf Graphic file (type pdf)
<use figures/optimization_plot.pdf>
Package pdftex.def Info: figures/optimization_plot.pdf  used on input line 222.

(pdftex.def)             Requested size: 416.51971pt x 283.5674pt.

Underfull \hbox (badness 1107) in paragraph at lines 227--229
[]|   []   |   []   |   []   |   []   |   []   |   []   |   []   |   []   |   [
]   |   []   |   []   |   []
 []

[7 <./figures/optimization_plot.pdf, page is rotated 90 degrees>]
<figures/res_width.jpg, id=157, 952.55875pt x 707.64375pt>
File: figures/res_width.jpg Graphic file (type jpg)
<use figures/res_width.jpg>
Package pdftex.def Info: figures/res_width.jpg  used on input line 247.
(pdftex.def)             Requested size: 271.44086pt x 201.64816pt.
 [8 <./figures/res_width.jpg>]
<figures/Fig5_reco_graph.pdf, id=161, 569.12625pt x 410.53375pt>
File: figures/Fig5_reco_graph.pdf Graphic file (type pdf)
<use figures/Fig5_reco_graph.pdf>
Package pdftex.def Info: figures/Fig5_reco_graph.pdf  used on input line 261.
(pdftex.def)             Requested size: 224.638pt x 162.04317pt.
File: figures/Fig5_reco_graph.pdf Graphic file (type pdf)
<use figures/Fig5_reco_graph.pdf>
Package pdftex.def Info: figures/Fig5_reco_graph.pdf  used on input line 261.
(pdftex.def)             Requested size: 224.638pt x 162.04317pt.
<figures/Fig5_reco_inc.pdf, id=162, 569.12625pt x 410.53375pt>
File: figures/Fig5_reco_inc.pdf Graphic file (type pdf)
<use figures/Fig5_reco_inc.pdf>
Package pdftex.def Info: figures/Fig5_reco_inc.pdf  used on input line 263.
(pdftex.def)             Requested size: 224.638pt x 162.04317pt.
File: figures/Fig5_reco_inc.pdf Graphic file (type pdf)
<use figures/Fig5_reco_inc.pdf>
Package pdftex.def Info: figures/Fig5_reco_inc.pdf  used on input line 263.
(pdftex.def)             Requested size: 224.638pt x 162.04317pt.

Overfull \hbox (9.47595pt too wide) in paragraph at lines 261--264
 [][][] 
 []

[9 <./figures/Fig5_reco_graph.pdf, page is rotated 90 degrees> <./figures/Fig5_
reco_inc.pdf, page is rotated 90 degrees>]
<figures/res_Nlayer.jpg, id=253, 952.55875pt x 707.64375pt>
File: figures/res_Nlayer.jpg Graphic file (type jpg)
<use figures/res_Nlayer.jpg>
Package pdftex.def Info: figures/res_Nlayer.jpg  used on input line 278.
(pdftex.def)             Requested size: 224.638pt x 166.87938pt.
File: figures/res_Nlayer.jpg Graphic file (type jpg)
<use figures/res_Nlayer.jpg>
Package pdftex.def Info: figures/res_Nlayer.jpg  used on input line 278.
(pdftex.def)             Requested size: 224.638pt x 166.87938pt.
<figures/resol_Nlayer.jpg, id=254, 952.55875pt x 707.64375pt>
File: figures/resol_Nlayer.jpg Graphic file (type jpg)
<use figures/resol_Nlayer.jpg>
Package pdftex.def Info: figures/resol_Nlayer.jpg  used on input line 280.
(pdftex.def)             Requested size: 224.638pt x 166.87938pt.
File: figures/resol_Nlayer.jpg Graphic file (type jpg)
<use figures/resol_Nlayer.jpg>
Package pdftex.def Info: figures/resol_Nlayer.jpg  used on input line 280.
(pdftex.def)             Requested size: 224.638pt x 166.87938pt.

Overfull \hbox (9.47595pt too wide) in paragraph at lines 278--281
 [][][] 
 []

<figures/layer-event.jpg, id=255, 931.48pt x 666.49pt>
File: figures/layer-event.jpg Graphic file (type jpg)
<use figures/layer-event.jpg>
Package pdftex.def Info: figures/layer-event.jpg  used on input line 288.
(pdftex.def)             Requested size: 280.80286pt x 200.91467pt.
[10 <./figures/res_Nlayer.jpg> <./figures/resol_Nlayer.jpg>] [11 <./figures/lay
er-event.jpg>]
Underfull \hbox (badness 1005) in paragraph at lines 300--301
|   []   |   []   |   []   |   []   |   []   |   []   |   []   |   []   |   [] 
  |   []   |   []
 []

(./diff.bbl
Underfull \hbox (badness 1117) in paragraph at lines 32--35
[]\OT1/cmr/m/n/10.95 J.Comfort et al. (2006), URL https://j-parc.jp/researcher/
Hadron/en/pac[]0606/pdf/p14-
 []

) [12] (./diff.aux) ) 
Here is how much of TeX's memory you used:
 8670 strings out of 480608
 130963 string characters out of 5903630
 457431 words of memory out of 5000000
 24442 multiletter control sequences out of 15000+600000
 550795 words of font info for 92 fonts, out of 8000000 for 9000
 1141 hyphenation exceptions out of 8191
 38i,10n,37p,1964b,383s stack positions out of 5000i,500n,10000p,200000b,80000s
</usr/local/texlive/2020/texmf-dist/fonts/type1/public/ams
fonts/cm/cmbx10.pfb></usr/local/texlive/2020/texmf-dist/fonts/type1/public/amsf
onts/cm/cmbx12.pfb></usr/local/texlive/2020/texmf-dist/fonts/type1/public/amsfo
nts/cm/cmcsc10.pfb></usr/local/texlive/2020/texmf-dist/fonts/type1/public/amsfo
nts/cm/cmex10.pfb></usr/local/texlive/2020/texmf-dist/fonts/type1/public/amsfon
ts/cm/cmmi10.pfb></usr/local/texlive/2020/texmf-dist/fonts/type1/public/amsfont
s/cm/cmmi12.pfb></usr/local/texlive/2020/texmf-dist/fonts/type1/public/amsfonts
/cm/cmmi6.pfb></usr/local/texlive/2020/texmf-dist/fonts/type1/public/amsfonts/c
m/cmmi8.pfb></usr/local/texlive/2020/texmf-dist/fonts/type1/public/amsfonts/cm/
cmr10.pfb></usr/local/texlive/2020/texmf-dist/fonts/type1/public/amsfonts/cm/cm
r12.pfb></usr/local/texlive/2020/texmf-dist/fonts/type1/public/amsfonts/cm/cmr8
.pfb></usr/local/texlive/2020/texmf-dist/fonts/type1/public/amsfonts/cm/cmssbx1
0.pfb></usr/local/texlive/2020/texmf-dist/fonts/type1/public/amsfonts/cm/cmsy10
.pfb></usr/local/texlive/2020/texmf-dist/fonts/type1/public/amsfonts/cm/cmsy7.p
fb></usr/local/texlive/2020/texmf-dist/fonts/type1/public/amsfonts/cm/cmsy8.pfb
></usr/local/texlive/2020/texmf-dist/fonts/type1/public/amsfonts/cm/cmti12.pfb>
</usr/local/texlive/2020/texmf-dist/fonts/type1/public/amsfonts/latxfont/lasy6.
pfb>
Output written on diff.pdf (13 pages, 2208562 bytes).
PDF statistics:
 321 PDF objects out of 1000 (max. 8388607)
 172 compressed objects within 2 object streams
 0 named destinations out of 1000 (max. 500000)
 56 words of extra memory for PDF output out of 10000 (max. 10000000)

